<?xml version="1.0" encoding="UTF-8"?>
<!-- Generated by org.testng.reporters.JUnitReportReporter -->
<testsuite hostname="Avinav-PC" name="com.qa.testcases.HomePageTest" tests="2" failures="0" timestamp="2 Aug 2021 02:44:53 GMT" time="8.252" errors="0">
  <testcase name="contactLinkText" time="3.132" classname="com.qa.testcases.HomePageTest"/>
  <testcase name="headerTest" time="5.120" classname="com.qa.testcases.HomePageTest"/>
</testsuite> <!-- com.qa.testcases.HomePageTest -->
